<?xml version="1.0" encoding="UTF-8"?>
<coverage generated="1624912265270" clover="3.2.0">
  <project timestamp="1624912265270" name="All files">
    <metrics statements="47" coveredstatements="41" conditionals="23" coveredconditionals="17" methods="9" coveredmethods="9" elements="79" coveredelements="67" complexity="0" loc="47" ncloc="47" packages="1" files="1" classes="1"/>
    <file name="index.ts" path="C:\Users\filst\npm-dlux-led\src\index.ts">
      <metrics statements="47" coveredstatements="41" conditionals="23" coveredconditionals="17" methods="9" coveredmethods="9"/>
      <line num="147" count="1" type="stmt"/>
      <line num="148" count="16" type="stmt"/>
      <line num="149" count="16" type="stmt"/>
      <line num="150" count="16" type="stmt"/>
      <line num="152" count="16" type="stmt"/>
      <line num="154" count="16" type="stmt"/>
      <line num="156" count="59" type="stmt"/>
      <line num="158" count="16" type="stmt"/>
      <line num="159" count="26" type="cond" truecount="2" falsecount="0"/>
      <line num="161" count="26" type="cond" truecount="2" falsecount="0"/>
      <line num="162" count="16" type="stmt"/>
      <line num="163" count="10" type="cond" truecount="2" falsecount="0"/>
      <line num="164" count="4" type="stmt"/>
      <line num="167" count="43" type="stmt"/>
      <line num="170" count="16" type="stmt"/>
      <line num="171" count="12" type="stmt"/>
      <line num="172" count="12" type="stmt"/>
      <line num="174" count="0" type="cond" truecount="0" falsecount="2"/>
      <line num="175" count="0" type="stmt"/>
      <line num="177" count="0" type="stmt"/>
      <line num="180" count="4" type="stmt"/>
      <line num="181" count="4" type="stmt"/>
      <line num="184" count="4" type="stmt"/>
      <line num="185" count="4" type="stmt"/>
      <line num="187" count="4" type="stmt"/>
      <line num="190" count="12" type="stmt"/>
      <line num="195" count="1" type="stmt"/>
      <line num="213" count="1" type="stmt"/>
      <line num="215" count="17" type="cond" truecount="2" falsecount="0"/>
      <line num="216" count="1" type="stmt"/>
      <line num="222" count="16" type="stmt"/>
      <line num="224" count="16" type="stmt"/>
      <line num="226" count="6" type="stmt"/>
      <line num="227" count="6" type="cond" truecount="1" falsecount="1"/>
      <line num="228" count="0" type="stmt"/>
      <line num="231" count="6" type="stmt"/>
      <line num="232" count="6" type="stmt"/>
      <line num="235" count="10" type="stmt"/>
      <line num="236" count="10" type="cond" truecount="1" falsecount="1"/>
      <line num="237" count="0" type="stmt"/>
      <line num="240" count="10" type="stmt"/>
      <line num="241" count="26" type="cond" truecount="2" falsecount="0"/>
      <line num="243" count="20" type="stmt"/>
      <line num="244" count="16" type="stmt"/>
      <line num="246" count="6" type="stmt"/>
      <line num="249" count="0" type="stmt"/>
      <line num="252" count="12" type="stmt"/>
    </file>
  </project>
</coverage>
