{"C:\\Users\\filst\\npm-dlux-led\\src\\index.ts": {"path":"C:\\Users\\filst\\npm-dlux-led\\src\\index.ts","statementMap":{"0":{"start":{"line":147,"column":0},"end":{"line":147,"column":null}},"1":{"start":{"line":152,"column":2},"end":{"line":152,"column":17}},"2":{"start":{"line":148,"column":10},"end":{"line":148,"column":31}},"3":{"start":{"line":149,"column":10},"end":{"line":149,"column":28}},"4":{"start":{"line":150,"column":10},"end":{"line":150,"column":32}},"5":{"start":{"line":154,"column":9},"end":{"line":154,"column":58}},"6":{"start":{"line":154,"column":39},"end":{"line":154,"column":58}},"7":{"start":{"line":156,"column":9},"end":{"line":156,"column":89}},"8":{"start":{"line":156,"column":38},"end":{"line":156,"column":89}},"9":{"start":{"line":158,"column":9},"end":{"line":168,"column":null}},"10":{"start":{"line":159,"column":14},"end":{"line":159,"column":52}},"11":{"start":{"line":161,"column":4},"end":{"line":165,"column":null}},"12":{"start":{"line":162,"column":6},"end":{"line":162,"column":32}},"13":{"start":{"line":163,"column":11},"end":{"line":165,"column":null}},"14":{"start":{"line":164,"column":6},"end":{"line":164,"column":35}},"15":{"start":{"line":167,"column":4},"end":{"line":167,"column":36}},"16":{"start":{"line":167,"column":19},"end":{"line":167,"column":35}},"17":{"start":{"line":170,"column":9},"end":{"line":194,"column":null}},"18":{"start":{"line":171,"column":12},"end":{"line":171,"column":22}},"19":{"start":{"line":172,"column":4},"end":{"line":188,"column":null}},"20":{"start":{"line":174,"column":8},"end":{"line":176,"column":null}},"21":{"start":{"line":175,"column":10},"end":{"line":175,"column":34}},"22":{"start":{"line":177,"column":8},"end":{"line":177,"column":14}},"23":{"start":{"line":180,"column":8},"end":{"line":180,"column":16}},"24":{"start":{"line":181,"column":8},"end":{"line":181,"column":14}},"25":{"start":{"line":184,"column":8},"end":{"line":184,"column":16}},"26":{"start":{"line":185,"column":8},"end":{"line":185,"column":14}},"27":{"start":{"line":187,"column":15},"end":{"line":187,"column":21}},"28":{"start":{"line":190,"column":4},"end":{"line":193,"column":6}},"29":{"start":{"line":195,"column":0},"end":{"line":195,"column":null}},"30":{"start":{"line":213,"column":22},"end":{"line":253,"column":1}},"31":{"start":{"line":215,"column":2},"end":{"line":220,"column":null}},"32":{"start":{"line":216,"column":4},"end":{"line":219,"column":6}},"33":{"start":{"line":222,"column":12},"end":{"line":222,"column":33}},"34":{"start":{"line":224,"column":2},"end":{"line":250,"column":null}},"35":{"start":{"line":226,"column":6},"end":{"line":226,"column":20}},"36":{"start":{"line":227,"column":6},"end":{"line":229,"column":null}},"37":{"start":{"line":228,"column":8},"end":{"line":228,"column":52}},"38":{"start":{"line":231,"column":6},"end":{"line":231,"column":26}},"39":{"start":{"line":232,"column":6},"end":{"line":232,"column":12}},"40":{"start":{"line":235,"column":6},"end":{"line":235,"column":20}},"41":{"start":{"line":236,"column":6},"end":{"line":238,"column":null}},"42":{"start":{"line":237,"column":8},"end":{"line":237,"column":55}},"43":{"start":{"line":240,"column":6},"end":{"line":245,"column":9}},"44":{"start":{"line":241,"column":8},"end":{"line":241,"column":30}},"45":{"start":{"line":241,"column":23},"end":{"line":241,"column":30}},"46":{"start":{"line":243,"column":8},"end":{"line":243,"column":25}},"47":{"start":{"line":244,"column":8},"end":{"line":244,"column":24}},"48":{"start":{"line":246,"column":6},"end":{"line":246,"column":12}},"49":{"start":{"line":249,"column":6},"end":{"line":249,"column":45}},"50":{"start":{"line":252,"column":2},"end":{"line":252,"column":19}},"51":{"start":{"line":213,"column":13},"end":{"line":213,"column":22}}},"fnMap":{"0":{"name":"(anonymous_0)","decl":{"start":{"line":147,"column":0},"end":{"line":147,"column":null}},"loc":{"start":{"line":147,"column":0},"end":{"line":195,"column":null}}},"1":{"name":"InternalLedData","decl":{"start":{"line":152,"column":2},"end":{"line":152,"column":17}},"loc":{"start":{"line":152,"column":2},"end":{"line":152,"column":18}}},"2":{"name":"(anonymous_2)","decl":{"start":{"line":154,"column":20},"end":{"line":154,"column":21}},"loc":{"start":{"line":154,"column":34},"end":{"line":154,"column":43}}},"3":{"name":"(anonymous_3)","decl":{"start":{"line":156,"column":19},"end":{"line":156,"column":20}},"loc":{"start":{"line":156,"column":33},"end":{"line":156,"column":42}}},"4":{"name":"(anonymous_4)","decl":{"start":{"line":158,"column":20},"end":{"line":158,"column":21}},"loc":{"start":{"line":158,"column":33},"end":{"line":168,"column":3}}},"5":{"name":"(anonymous_5)","decl":{"start":{"line":167,"column":14},"end":{"line":167,"column":15}},"loc":{"start":{"line":167,"column":15},"end":{"line":167,"column":23}}},"6":{"name":"(anonymous_6)","decl":{"start":{"line":170,"column":17},"end":{"line":170,"column":null}},"loc":{"start":{"line":170,"column":17},"end":{"line":194,"column":3}}},"7":{"name":"(anonymous_7)","decl":{"start":{"line":213,"column":22},"end":{"line":213,"column":23}},"loc":{"start":{"line":213,"column":33},"end":{"line":253,"column":1}}},"8":{"name":"(anonymous_8)","decl":{"start":{"line":240,"column":24},"end":{"line":240,"column":25}},"loc":{"start":{"line":240,"column":25},"end":{"line":245,"column":7}}}},"branchMap":{"0":{"loc":{"start":{"line":159,"column":37},"end":{"line":159,"column":42}},"type":"cond-expr","locations":[{"start":{"line":159,"column":37},"end":{"line":159,"column":42}},{"start":{"line":159,"column":45},"end":{"line":159,"column":52}}]},"1":{"loc":{"start":{"line":161,"column":4},"end":{"line":165,"column":null}},"type":"if","locations":[{"start":{"line":161,"column":4},"end":{"line":165,"column":null}},{"start":{"line":161,"column":4},"end":{"line":165,"column":null}}]},"2":{"loc":{"start":{"line":163,"column":11},"end":{"line":165,"column":null}},"type":"if","locations":[{"start":{"line":163,"column":11},"end":{"line":165,"column":null}},{"start":{"line":163,"column":11},"end":{"line":165,"column":null}}]},"3":{"loc":{"start":{"line":173,"column":6},"end":{"line":177,"column":14}},"type":"switch","locations":[{"start":{"line":173,"column":6},"end":{"line":177,"column":14}},{"start":{"line":179,"column":6},"end":{"line":181,"column":14}},{"start":{"line":183,"column":6},"end":{"line":185,"column":14}},{"start":{"line":187,"column":6},"end":{"line":187,"column":21}}]},"4":{"loc":{"start":{"line":174,"column":8},"end":{"line":176,"column":null}},"type":"if","locations":[{"start":{"line":174,"column":8},"end":{"line":176,"column":null}},{"start":{"line":174,"column":8},"end":{"line":176,"column":null}}]},"5":{"loc":{"start":{"line":215,"column":2},"end":{"line":220,"column":null}},"type":"if","locations":[{"start":{"line":215,"column":2},"end":{"line":220,"column":null}},{"start":{"line":215,"column":2},"end":{"line":220,"column":null}}]},"6":{"loc":{"start":{"line":225,"column":4},"end":{"line":232,"column":12}},"type":"switch","locations":[{"start":{"line":225,"column":4},"end":{"line":232,"column":12}},{"start":{"line":234,"column":4},"end":{"line":246,"column":12}},{"start":{"line":248,"column":4},"end":{"line":249,"column":45}}]},"7":{"loc":{"start":{"line":227,"column":6},"end":{"line":229,"column":null}},"type":"if","locations":[{"start":{"line":227,"column":6},"end":{"line":229,"column":null}},{"start":{"line":227,"column":6},"end":{"line":229,"column":null}}]},"8":{"loc":{"start":{"line":236,"column":6},"end":{"line":238,"column":null}},"type":"if","locations":[{"start":{"line":236,"column":6},"end":{"line":238,"column":null}},{"start":{"line":236,"column":6},"end":{"line":238,"column":null}}]},"9":{"loc":{"start":{"line":241,"column":8},"end":{"line":241,"column":30}},"type":"if","locations":[{"start":{"line":241,"column":8},"end":{"line":241,"column":30}},{"start":{"line":241,"column":8},"end":{"line":241,"column":30}}]}},"s":{"0":1,"1":16,"2":16,"3":16,"4":16,"5":16,"6":16,"7":16,"8":59,"9":16,"10":26,"11":26,"12":16,"13":10,"14":4,"15":22,"16":43,"17":16,"18":12,"19":12,"20":0,"21":0,"22":0,"23":4,"24":4,"25":4,"26":4,"27":4,"28":12,"29":1,"30":1,"31":17,"32":1,"33":16,"34":16,"35":6,"36":6,"37":0,"38":6,"39":6,"40":10,"41":10,"42":0,"43":10,"44":26,"45":6,"46":20,"47":16,"48":6,"49":0,"50":12,"51":1},"f":{"0":1,"1":16,"2":16,"3":59,"4":26,"5":43,"6":12,"7":17,"8":26},"b":{"0":[16,10],"1":[16,10],"2":[4,6],"3":[0,4,4,4],"4":[0,0],"5":[1,16],"6":[6,10,0],"7":[0,6],"8":[0,10],"9":[6,20]}}
}
