TN:
SF:src\index.ts
FN:147,(anonymous_0)
FN:152,InternalLedData
FN:154,(anonymous_2)
FN:156,(anonymous_3)
FN:158,(anonymous_4)
FN:167,(anonymous_5)
FN:170,(anonymous_6)
FN:213,(anonymous_7)
FN:240,(anonymous_8)
FNF:9
FNH:9
FNDA:1,(anonymous_0)
FNDA:16,InternalLedData
FNDA:16,(anonymous_2)
FNDA:59,(anonymous_3)
FNDA:26,(anonymous_4)
FNDA:43,(anonymous_5)
FNDA:12,(anonymous_6)
FNDA:17,(anonymous_7)
FNDA:26,(anonymous_8)
DA:147,1
DA:148,16
DA:149,16
DA:150,16
DA:152,16
DA:154,16
DA:156,59
DA:158,16
DA:159,26
DA:161,26
DA:162,16
DA:163,10
DA:164,4
DA:167,43
DA:170,16
DA:171,12
DA:172,12
DA:174,0
DA:175,0
DA:177,0
DA:180,4
DA:181,4
DA:184,4
DA:185,4
DA:187,4
DA:190,12
DA:195,1
DA:213,1
DA:215,17
DA:216,1
DA:222,16
DA:224,16
DA:226,6
DA:227,6
DA:228,0
DA:231,6
DA:232,6
DA:235,10
DA:236,10
DA:237,0
DA:240,10
DA:241,26
DA:243,20
DA:244,16
DA:246,6
DA:249,0
DA:252,12
LF:47
LH:41
BRDA:159,0,0,16
BRDA:159,0,1,10
BRDA:161,1,0,16
BRDA:161,1,1,10
BRDA:163,2,0,4
BRDA:163,2,1,6
BRDA:173,3,0,0
BRDA:173,3,1,4
BRDA:173,3,2,4
BRDA:173,3,3,4
BRDA:174,4,0,0
BRDA:174,4,1,0
BRDA:215,5,0,1
BRDA:215,5,1,16
BRDA:225,6,0,6
BRDA:225,6,1,10
BRDA:225,6,2,0
BRDA:227,7,0,0
BRDA:227,7,1,6
BRDA:236,8,0,0
BRDA:236,8,1,10
BRDA:241,9,0,6
BRDA:241,9,1,20
BRF:23
BRH:17
end_of_record
